<?xml version="1.0" encoding="UTF-8"?>
<!-- Generated by org.testng.reporters.JUnitReportReporter -->
<testsuite hostname="Mangesh-PC" failures="0" tests="1" name="com.DatsProviderEx.LoginData1" time="0.000" errors="0" timestamp="14 Mar 2020 07:29:03 GMT" skipped="1">
  <testcase classname="com.DatsProviderEx.LoginData1" name="labelUnameError_page" time="0.000">
    <skipped/>
  </testcase> <!-- labelUnameError_page -->
</testsuite> <!-- com.DatsProviderEx.LoginData1 -->
