<?xml version="1.0" encoding="UTF-8"?>
<!-- Generated by org.testng.reporters.JUnitReportReporter -->
<testsuite hostname="Mangesh-PC" failures="0" tests="8" name="com.DatsProviderEx.DPExample" time="13.125" errors="0" timestamp="30 Mar 2020 03:26:22 GMT" skipped="0">
  <testcase classname="com.DatsProviderEx.DPExample" name="f" time="1.130"/>
  <testcase classname="com.DatsProviderEx.DPExample" name="f" time="0.658"/>
  <testcase classname="com.DatsProviderEx.DPExample" name="f" time="0.575"/>
  <testcase classname="com.DatsProviderEx.DPExample" name="f" time="1.685"/>
  <testcase classname="com.DatsProviderEx.DPExample" name="f" time="0.398"/>
  <testcase classname="com.DatsProviderEx.DPExample" name="f" time="7.449"/>
  <testcase classname="com.DatsProviderEx.DPExample" name="f" time="0.512"/>
  <testcase classname="com.DatsProviderEx.DPExample" name="f" time="0.718"/>
</testsuite> <!-- com.DatsProviderEx.DPExample -->
