<?xml version="1.0" encoding="UTF-8"?>
<!-- Generated by org.testng.reporters.JUnitReportReporter -->
<testsuite hostname="Mangesh-PC" failures="0" tests="5" name="com.PriorityEx.PriorityTest" time="0.078" errors="0" timestamp="01 Apr 2020 03:29:06 GMT" skipped="0">
  <testcase classname="com.PriorityEx.PriorityTest" name="aaa" time="0.028"/>
  <testcase classname="com.PriorityEx.PriorityTest" name="bbb" time="0.016"/>
  <testcase classname="com.PriorityEx.PriorityTest" name="test1" time="0.011"/>
  <testcase classname="com.PriorityEx.PriorityTest" name="test2" time="0.013"/>
  <testcase classname="com.PriorityEx.PriorityTest" name="test3" time="0.010"/>
</testsuite> <!-- com.PriorityEx.PriorityTest -->
