<?xml version="1.0" encoding="UTF-8"?>
<!-- Generated by org.testng.reporters.JUnitReportReporter -->
<testsuite hostname="Mangesh-PC" failures="0" tests="3" name="com.DatsProviderEx.TestNGDemo" time="2.733" errors="0" timestamp="14 Mar 2020 07:17:20 GMT" skipped="0">
  <testcase classname="com.DatsProviderEx.TestNGDemo" name="verifyTitle" time="0.057"/>
  <testcase classname="com.DatsProviderEx.TestNGDemo" name="test012" time="0.656"/>
  <testcase classname="com.DatsProviderEx.TestNGDemo" name="test01" time="2.020"/>
</testsuite> <!-- com.DatsProviderEx.TestNGDemo -->
