<?xml version="1.0" encoding="UTF-8"?>
<!-- Generated by org.testng.reporters.JUnitReportReporter -->
<testsuite hostname="Mangesh-PC" failures="0" tests="5" name="com.PriorityEx.PriorityTest1" time="0.099" errors="0" timestamp="01 Apr 2020 03:29:06 GMT" skipped="0">
  <testcase classname="com.PriorityEx.PriorityTest1" name="bb" time="0.026"/>
  <testcase classname="com.PriorityEx.PriorityTest1" name="aa" time="0.025"/>
  <testcase classname="com.PriorityEx.PriorityTest1" name="test1" time="0.031"/>
  <testcase classname="com.PriorityEx.PriorityTest1" name="test2" time="0.011"/>
  <testcase classname="com.PriorityEx.PriorityTest1" name="test3" time="0.006"/>
</testsuite> <!-- com.PriorityEx.PriorityTest1 -->
